<?xml version="1.0" encoding="UTF-8"?>
<testsuite name="io.pivotal.iad.contracttests.ContractTestsApplicationTests" tests="1" skipped="0" failures="0" errors="0" timestamp="2017-09-11T23:47:26" hostname="adele" time="0.055">
  <properties/>
  <testcase name="contextLoads" classname="io.pivotal.iad.contracttests.ContractTestsApplicationTests" time="0.055"/>
  <system-out><![CDATA[16:47:20.509 [Test worker] DEBUG org.springframework.test.context.junit4.SpringJUnit4ClassRunner - SpringJUnit4ClassRunner constructor called with [class io.pivotal.iad.contracttests.ContractTestsApplicationTests]
16:47:20.513 [Test worker] DEBUG org.springframework.test.context.BootstrapUtils - Instantiating CacheAwareContextLoaderDelegate from class [org.springframework.test.context.cache.DefaultCacheAwareContextLoaderDelegate]
16:47:20.518 [Test worker] DEBUG org.springframework.test.context.BootstrapUtils - Instantiating BootstrapContext using constructor [public org.springframework.test.context.support.DefaultBootstrapContext(java.lang.Class,org.springframework.test.context.CacheAwareContextLoaderDelegate)]
16:47:20.533 [Test worker] DEBUG org.springframework.test.context.BootstrapUtils - Instantiating TestContextBootstrapper for test class [io.pivotal.iad.contracttests.ContractTestsApplicationTests] from class [org.springframework.boot.test.context.SpringBootTestContextBootstrapper]
16:47:20.543 [Test worker] INFO org.springframework.boot.test.context.SpringBootTestContextBootstrapper - Neither @ContextConfiguration nor @ContextHierarchy found for test class [io.pivotal.iad.contracttests.ContractTestsApplicationTests], using SpringBootContextLoader
16:47:20.545 [Test worker] DEBUG org.springframework.test.context.support.AbstractContextLoader - Did not detect default resource location for test class [io.pivotal.iad.contracttests.ContractTestsApplicationTests]: class path resource [io/pivotal/iad/contracttests/ContractTestsApplicationTests-context.xml] does not exist
16:47:20.546 [Test worker] DEBUG org.springframework.test.context.support.AbstractContextLoader - Did not detect default resource location for test class [io.pivotal.iad.contracttests.ContractTestsApplicationTests]: class path resource [io/pivotal/iad/contracttests/ContractTestsApplicationTestsContext.groovy] does not exist
16:47:20.546 [Test worker] INFO org.springframework.test.context.support.AbstractContextLoader - Could not detect default resource locations for test class [io.pivotal.iad.contracttests.ContractTestsApplicationTests]: no resource found for suffixes {-context.xml, Context.groovy}.
16:47:20.546 [Test worker] INFO org.springframework.test.context.support.AnnotationConfigContextLoaderUtils - Could not detect default configuration classes for test class [io.pivotal.iad.contracttests.ContractTestsApplicationTests]: ContractTestsApplicationTests does not declare any static, non-private, non-final, nested classes annotated with @Configuration.
16:47:20.581 [Test worker] DEBUG org.springframework.test.context.support.ActiveProfilesUtils - Could not find an 'annotation declaring class' for annotation type [org.springframework.test.context.ActiveProfiles] and class [io.pivotal.iad.contracttests.ContractTestsApplicationTests]
16:47:20.586 [Test worker] DEBUG org.springframework.core.env.StandardEnvironment - Adding [systemProperties] PropertySource with lowest search precedence
16:47:20.586 [Test worker] DEBUG org.springframework.core.env.StandardEnvironment - Adding [systemEnvironment] PropertySource with lowest search precedence
16:47:20.587 [Test worker] DEBUG org.springframework.core.env.StandardEnvironment - Initialized StandardEnvironment with PropertySources [systemProperties,systemEnvironment]
16:47:20.594 [Test worker] DEBUG org.springframework.core.io.support.PathMatchingResourcePatternResolver - Resolved classpath location [io/pivotal/iad/contracttests/] to resources [URL [file:/Users/pivotal/workspace/contract-tests/app/build/classes/test/io/pivotal/iad/contracttests/], URL [file:/Users/pivotal/workspace/contract-tests/app/build/classes/main/io/pivotal/iad/contracttests/]]
16:47:20.595 [Test worker] DEBUG org.springframework.core.io.support.PathMatchingResourcePatternResolver - Looking for matching resources in directory tree [/Users/pivotal/workspace/contract-tests/app/build/classes/test/io/pivotal/iad/contracttests]
16:47:20.595 [Test worker] DEBUG org.springframework.core.io.support.PathMatchingResourcePatternResolver - Searching directory [/Users/pivotal/workspace/contract-tests/app/build/classes/test/io/pivotal/iad/contracttests] for files matching pattern [/Users/pivotal/workspace/contract-tests/app/build/classes/test/io/pivotal/iad/contracttests/*.class]
16:47:20.597 [Test worker] DEBUG org.springframework.core.io.support.PathMatchingResourcePatternResolver - Looking for matching resources in directory tree [/Users/pivotal/workspace/contract-tests/app/build/classes/main/io/pivotal/iad/contracttests]
16:47:20.598 [Test worker] DEBUG org.springframework.core.io.support.PathMatchingResourcePatternResolver - Searching directory [/Users/pivotal/workspace/contract-tests/app/build/classes/main/io/pivotal/iad/contracttests] for files matching pattern [/Users/pivotal/workspace/contract-tests/app/build/classes/main/io/pivotal/iad/contracttests/*.class]
16:47:20.599 [Test worker] DEBUG org.springframework.core.io.support.PathMatchingResourcePatternResolver - Resolved location pattern [classpath*:io/pivotal/iad/contracttests/*.class] to resources [file [/Users/pivotal/workspace/contract-tests/app/build/classes/test/io/pivotal/iad/contracttests/ContractTestsApplicationTests.class], file [/Users/pivotal/workspace/contract-tests/app/build/classes/main/io/pivotal/iad/contracttests/ContractTestsApplication$Companion.class], file [/Users/pivotal/workspace/contract-tests/app/build/classes/main/io/pivotal/iad/contracttests/ContractTestsApplication$clr$1.class], file [/Users/pivotal/workspace/contract-tests/app/build/classes/main/io/pivotal/iad/contracttests/ContractTestsApplication.class], file [/Users/pivotal/workspace/contract-tests/app/build/classes/main/io/pivotal/iad/contracttests/Foo.class], file [/Users/pivotal/workspace/contract-tests/app/build/classes/main/io/pivotal/iad/contracttests/FoosRepository.class], file [/Users/pivotal/workspace/contract-tests/app/build/classes/main/io/pivotal/iad/contracttests/RepositoryConfiguration.class]]
16:47:20.641 [Test worker] DEBUG org.springframework.context.annotation.ClassPathScanningCandidateComponentProvider - Identified candidate component class: file [/Users/pivotal/workspace/contract-tests/app/build/classes/main/io/pivotal/iad/contracttests/ContractTestsApplication.class]
16:47:20.645 [Test worker] INFO org.springframework.boot.test.context.SpringBootTestContextBootstrapper - Found @SpringBootConfiguration io.pivotal.iad.contracttests.ContractTestsApplication for test class io.pivotal.iad.contracttests.ContractTestsApplicationTests
16:47:20.724 [Test worker] DEBUG org.springframework.boot.test.context.SpringBootTestContextBootstrapper - @TestExecutionListeners is not present for class [io.pivotal.iad.contracttests.ContractTestsApplicationTests]: using defaults.
16:47:20.724 [Test worker] INFO org.springframework.boot.test.context.SpringBootTestContextBootstrapper - Loaded default TestExecutionListener class names from location [META-INF/spring.factories]: [org.springframework.boot.test.mock.mockito.MockitoTestExecutionListener, org.springframework.boot.test.mock.mockito.ResetMocksTestExecutionListener, org.springframework.boot.test.autoconfigure.restdocs.RestDocsTestExecutionListener, org.springframework.boot.test.autoconfigure.web.client.MockRestServiceServerResetTestExecutionListener, org.springframework.boot.test.autoconfigure.web.servlet.MockMvcPrintOnlyOnFailureTestExecutionListener, org.springframework.boot.test.autoconfigure.web.servlet.WebDriverTestExecutionListener, org.springframework.test.context.web.ServletTestExecutionListener, org.springframework.test.context.support.DirtiesContextBeforeModesTestExecutionListener, org.springframework.test.context.support.DependencyInjectionTestExecutionListener, org.springframework.test.context.support.DirtiesContextTestExecutionListener, org.springframework.test.context.transaction.TransactionalTestExecutionListener, org.springframework.test.context.jdbc.SqlScriptsTestExecutionListener]
16:47:20.729 [Test worker] INFO org.springframework.boot.test.context.SpringBootTestContextBootstrapper - Could not instantiate TestExecutionListener [org.springframework.test.context.transaction.TransactionalTestExecutionListener]. Specify custom listener classes or make the default listener classes (and their required dependencies) available. Offending class: [org/springframework/transaction/interceptor/TransactionAttributeSource]
16:47:20.731 [Test worker] INFO org.springframework.boot.test.context.SpringBootTestContextBootstrapper - Could not instantiate TestExecutionListener [org.springframework.test.context.web.ServletTestExecutionListener]. Specify custom listener classes or make the default listener classes (and their required dependencies) available. Offending class: [javax/servlet/ServletContext]
16:47:20.732 [Test worker] INFO org.springframework.boot.test.context.SpringBootTestContextBootstrapper - Could not instantiate TestExecutionListener [org.springframework.test.context.jdbc.SqlScriptsTestExecutionListener]. Specify custom listener classes or make the default listener classes (and their required dependencies) available. Offending class: [org/springframework/transaction/interceptor/TransactionAttribute]
16:47:20.732 [Test worker] INFO org.springframework.boot.test.context.SpringBootTestContextBootstrapper - Using TestExecutionListeners: [org.springframework.test.context.support.DirtiesContextBeforeModesTestExecutionListener@50190917, org.springframework.boot.test.autoconfigure.SpringBootDependencyInjectionTestExecutionListener@6b7a79e, org.springframework.test.context.support.DirtiesContextTestExecutionListener@23820593, org.springframework.boot.test.mock.mockito.MockitoTestExecutionListener@1b446db1, org.springframework.boot.test.mock.mockito.ResetMocksTestExecutionListener@38d9e7f, org.springframework.boot.test.autoconfigure.restdocs.RestDocsTestExecutionListener@38bd42c7, org.springframework.boot.test.autoconfigure.web.client.MockRestServiceServerResetTestExecutionListener@b2066de, org.springframework.boot.test.autoconfigure.web.servlet.MockMvcPrintOnlyOnFailureTestExecutionListener@33b1bbee, org.springframework.boot.test.autoconfigure.web.servlet.WebDriverTestExecutionListener@5ca0a581]
16:47:20.734 [Test worker] DEBUG org.springframework.test.annotation.ProfileValueUtils - Retrieved @ProfileValueSourceConfiguration [null] for test class [io.pivotal.iad.contracttests.ContractTestsApplicationTests]
16:47:20.734 [Test worker] DEBUG org.springframework.test.annotation.ProfileValueUtils - Retrieved ProfileValueSource type [class org.springframework.test.annotation.SystemProfileValueSource] for class [io.pivotal.iad.contracttests.ContractTestsApplicationTests]
16:47:20.735 [Test worker] DEBUG org.springframework.test.annotation.ProfileValueUtils - Retrieved @ProfileValueSourceConfiguration [null] for test class [io.pivotal.iad.contracttests.ContractTestsApplicationTests]
16:47:20.735 [Test worker] DEBUG org.springframework.test.annotation.ProfileValueUtils - Retrieved ProfileValueSource type [class org.springframework.test.annotation.SystemProfileValueSource] for class [io.pivotal.iad.contracttests.ContractTestsApplicationTests]
16:47:20.738 [Test worker] DEBUG org.springframework.test.context.support.AbstractDirtiesContextTestExecutionListener - Before test class: context [DefaultTestContext@404a8868 testClass = ContractTestsApplicationTests, testInstance = [null], testMethod = [null], testException = [null], mergedContextConfiguration = [MergedContextConfiguration@ecf4379 testClass = ContractTestsApplicationTests, locations = '{}', classes = '{class io.pivotal.iad.contracttests.ContractTestsApplication}', contextInitializerClasses = '[]', activeProfiles = '{}', propertySourceLocations = '{}', propertySourceProperties = '{org.springframework.boot.test.context.SpringBootTestContextBootstrapper=true}', contextCustomizers = set[org.springframework.boot.test.context.SpringBootTestContextCustomizer@79ba396e, org.springframework.boot.test.context.filter.ExcludeFilterContextCustomizer@20e1e66a, org.springframework.boot.test.json.DuplicateJsonObjectContextCustomizerFactory$DuplicateJsonObjectContextCustomizer@539820eb, org.springframework.boot.test.mock.mockito.MockitoContextCustomizer@0, org.springframework.boot.test.autoconfigure.properties.PropertyMappingContextCustomizer@0, org.springframework.boot.test.autoconfigure.web.servlet.WebDriverContextCustomizerFactory$Customizer@312917a3], contextLoader = 'org.springframework.boot.test.context.SpringBootContextLoader', parent = [null]], attributes = map[[empty]]], class annotated with @DirtiesContext [false] with mode [null].
16:47:20.739 [Test worker] DEBUG org.springframework.test.annotation.ProfileValueUtils - Retrieved @ProfileValueSourceConfiguration [null] for test class [io.pivotal.iad.contracttests.ContractTestsApplicationTests]
16:47:20.739 [Test worker] DEBUG org.springframework.test.annotation.ProfileValueUtils - Retrieved ProfileValueSource type [class org.springframework.test.annotation.SystemProfileValueSource] for class [io.pivotal.iad.contracttests.ContractTestsApplicationTests]
16:47:20.740 [Test worker] DEBUG org.springframework.test.context.support.DependencyInjectionTestExecutionListener - Performing dependency injection for test context [[DefaultTestContext@404a8868 testClass = ContractTestsApplicationTests, testInstance = io.pivotal.iad.contracttests.ContractTestsApplicationTests@4ef9e6fb, testMethod = [null], testException = [null], mergedContextConfiguration = [MergedContextConfiguration@ecf4379 testClass = ContractTestsApplicationTests, locations = '{}', classes = '{class io.pivotal.iad.contracttests.ContractTestsApplication}', contextInitializerClasses = '[]', activeProfiles = '{}', propertySourceLocations = '{}', propertySourceProperties = '{org.springframework.boot.test.context.SpringBootTestContextBootstrapper=true}', contextCustomizers = set[org.springframework.boot.test.context.SpringBootTestContextCustomizer@79ba396e, org.springframework.boot.test.context.filter.ExcludeFilterContextCustomizer@20e1e66a, org.springframework.boot.test.json.DuplicateJsonObjectContextCustomizerFactory$DuplicateJsonObjectContextCustomizer@539820eb, org.springframework.boot.test.mock.mockito.MockitoContextCustomizer@0, org.springframework.boot.test.autoconfigure.properties.PropertyMappingContextCustomizer@0, org.springframework.boot.test.autoconfigure.web.servlet.WebDriverContextCustomizerFactory$Customizer@312917a3], contextLoader = 'org.springframework.boot.test.context.SpringBootContextLoader', parent = [null]], attributes = map[[empty]]]].
16:47:20.752 [Test worker] DEBUG org.springframework.core.env.StandardEnvironment - Adding [systemProperties] PropertySource with lowest search precedence
16:47:20.752 [Test worker] DEBUG org.springframework.core.env.StandardEnvironment - Adding [systemEnvironment] PropertySource with lowest search precedence
16:47:20.752 [Test worker] DEBUG org.springframework.core.env.StandardEnvironment - Initialized StandardEnvironment with PropertySources [systemProperties,systemEnvironment]
16:47:20.756 [Test worker] DEBUG org.springframework.test.context.support.TestPropertySourceUtils - Adding inlined properties to environment: {spring.jmx.enabled=false, org.springframework.boot.test.context.SpringBootTestContextBootstrapper=true, server.port=-1}
16:47:20.756 [Test worker] DEBUG org.springframework.core.env.StandardEnvironment - Adding [Inlined Test Properties] PropertySource with highest search precedence

  .   ____          _            __ _ _
 /\\ / ___'_ __ _ _(_)_ __  __ _ \ \ \ \
( ( )\___ | '_ | '_| | '_ \/ _` | \ \ \ \
 \\/  ___)| |_)| | | | | || (_| |  ) ) ) )
  '  |____| .__|_| |_|_| |_\__, | / / / /
 =========|_|==============|___/=/_/_/_/
 :: Spring Boot ::             (v2.0.0.M3)

2017-09-11 16:47:25.548  INFO 40908 --- [    Test worker] i.p.i.c.ContractTestsApplicationTests    : Starting ContractTestsApplicationTests on adele with PID 40908 (started by pivotal in /Users/pivotal/workspace/contract-tests/app)
2017-09-11 16:47:25.550  INFO 40908 --- [    Test worker] i.p.i.c.ContractTestsApplicationTests    : No active profile set, falling back to default profiles: default
2017-09-11 16:47:25.567  INFO 40908 --- [    Test worker] s.c.a.AnnotationConfigApplicationContext : Refreshing org.springframework.context.annotation.AnnotationConfigApplicationContext@59bc27f7: startup date [Mon Sep 11 16:47:25 PDT 2017]; root of context hierarchy
2017-09-11 16:47:26.143  INFO 40908 --- [    Test worker] i.p.i.c.ContractTestsApplication         : Making bar
2017-09-11 16:47:26.229  INFO 40908 --- [    Test worker] i.p.i.c.ContractTestsApplication         : foos: [Foo(name=bar), Foo(name=bar), Foo(name=bar), Foo(name=bar), Foo(name=bar), Foo(name=bar), Foo(name=bar), Foo(name=bar)]
2017-09-11 16:47:26.231  INFO 40908 --- [    Test worker] i.p.i.c.ContractTestsApplicationTests    : Started ContractTestsApplicationTests in 5.473 seconds (JVM running for 6.15)
]]></system-out>
  <system-err><![CDATA[]]></system-err>
</testsuite>
